Arguments: 
  /usr/local/bin/node /opt/yarn-v1.22.19/bin/yarn.js install

PATH: 
  /opt/git/bin:/vscode/1.89.1.24130/bin/remote-cli:/opt/git/bin:/opt/git/bin:/usr/local/share/nvm/current/bin:/usr/local/share/npm-global/bin:/usr/local/sbin:/usr/local/bin:/usr/sbin:/usr/bin:/sbin:/bin:/root/.local/bin

Yarn version: 
  1.22.19

Node version: 
  20.12.0

Platform: 
  linux x64

Trace: 
  Error: https://registry.yarnpkg.com/@types%2fjspdf-autotable: Not found
      at params.callback [as _callback] (/opt/yarn-v1.22.19/lib/cli.js:66145:18)
      at self.callback (/opt/yarn-v1.22.19/lib/cli.js:140890:22)
      at Request.emit (node:events:518:28)
      at Request.<anonymous> (/opt/yarn-v1.22.19/lib/cli.js:141862:10)
      at Request.emit (node:events:518:28)
      at IncomingMessage.<anonymous> (/opt/yarn-v1.22.19/lib/cli.js:141784:12)
      at Object.onceWrapper (node:events:632:28)
      at IncomingMessage.emit (node:events:530:35)
      at endReadableNT (node:internal/streams/readable:1696:12)
      at process.processTicksAndRejections (node:internal/process/task_queues:82:21)

npm manifest: 
  {
    "name": "react-vite-ts",
    "private": true,
    "version": "0.0.0",
    "type": "module",
    "scripts": {
      "dev": "vite",
      "build": "tsc && vite build",
      "lint": "eslint . --ext ts,tsx --report-unused-disable-directives --max-warnings 0",
      "preview": "vite preview"
    },
    "dependencies": {
      "jspdf": "^2.5.2",
      "jspdf-autotable": "^3.8.3",
      "react": "^19.0.0",
      "react-dom": "^19.0.0"
    },
    "devDependencies": {
      "@types/jspdf-autotable": "^3.5.13",
      "@types/react": "^19.0.0",
      "@types/react-dom": "^19.0.0",
      "@typescript-eslint/eslint-plugin": "^8.17.0",
      "@typescript-eslint/parser": "^8.17.0",
      "@vitejs/plugin-react": "^4.3.4",
      "autoprefixer": "10.4.20",
      "eslint": "^9.16.0",
      "eslint-plugin-react-hooks": "^5.1.0",
      "eslint-plugin-react-refresh": "^0.4.16",
      "postcss": "8.4.49",
      "tailwindcss": "3.4.16",
      "typescript": "^5.7.2",
      "vite": "^6.0.3"
    }
  }

yarn manifest: 
  No manifest

Lockfile: 
  No lockfile
